mode: set
github.com/iamviniciuss/casino-transactions/internal/api/router/router.go:9.103,12.2 2 1
github.com/iamviniciuss/casino-transactions/internal/core/transaction.go:17.106,18.32 1 1
github.com/iamviniciuss/casino-transactions/internal/core/transaction.go:18.32,20.3 1 1
github.com/iamviniciuss/casino-transactions/internal/core/transaction.go:22.2,22.17 1 1
github.com/iamviniciuss/casino-transactions/internal/core/transaction.go:22.17,24.3 1 1
github.com/iamviniciuss/casino-transactions/internal/core/transaction.go:26.2,32.8 1 1
github.com/iamviniciuss/casino-transactions/internal/core/types.go:10.41,11.11 1 1
github.com/iamviniciuss/casino-transactions/internal/core/types.go:12.46,13.14 1 1
github.com/iamviniciuss/casino-transactions/internal/core/types.go:14.10,15.15 1 1
github.com/iamviniciuss/casino-transactions/internal/use_case/process_transaction.go:32.105,34.2 1 1
github.com/iamviniciuss/casino-transactions/internal/use_case/process_transaction.go:36.102,38.16 2 1
github.com/iamviniciuss/casino-transactions/internal/use_case/process_transaction.go:38.16,40.3 1 1
github.com/iamviniciuss/casino-transactions/internal/use_case/process_transaction.go:42.2,43.16 2 1
github.com/iamviniciuss/casino-transactions/internal/use_case/process_transaction.go:43.16,45.3 1 1
github.com/iamviniciuss/casino-transactions/internal/use_case/process_transaction.go:47.2,48.12 2 1
github.com/iamviniciuss/casino-transactions/internal/api/http/error.go:11.44,13.2 1 1
github.com/iamviniciuss/casino-transactions/internal/api/http/fiber_http.go:17.32,22.44 4 1
github.com/iamviniciuss/casino-transactions/internal/api/http/fiber_http.go:22.44,25.3 2 1
github.com/iamviniciuss/casino-transactions/internal/api/http/fiber_http.go:27.2,27.37 1 1
github.com/iamviniciuss/casino-transactions/internal/api/http/fiber_http.go:27.37,37.3 8 1
github.com/iamviniciuss/casino-transactions/internal/api/http/fiber_http.go:39.2,39.10 1 1
github.com/iamviniciuss/casino-transactions/internal/api/http/fiber_http.go:42.65,43.43 1 1
github.com/iamviniciuss/casino-transactions/internal/api/http/fiber_http.go:43.43,44.54 1 1
github.com/iamviniciuss/casino-transactions/internal/api/http/fiber_http.go:44.54,46.4 1 0
github.com/iamviniciuss/casino-transactions/internal/api/http/fiber_http.go:48.3,50.17 2 1
github.com/iamviniciuss/casino-transactions/internal/api/http/fiber_http.go:50.17,53.4 2 1
github.com/iamviniciuss/casino-transactions/internal/api/http/fiber_http.go:55.3,55.24 1 1
github.com/iamviniciuss/casino-transactions/internal/api/http/fiber_http.go:59.66,60.44 1 1
github.com/iamviniciuss/casino-transactions/internal/api/http/fiber_http.go:60.44,61.54 1 1
github.com/iamviniciuss/casino-transactions/internal/api/http/fiber_http.go:61.54,63.4 1 0
github.com/iamviniciuss/casino-transactions/internal/api/http/fiber_http.go:65.3,67.17 2 1
github.com/iamviniciuss/casino-transactions/internal/api/http/fiber_http.go:67.17,70.4 2 1
github.com/iamviniciuss/casino-transactions/internal/api/http/fiber_http.go:72.3,72.24 1 1
github.com/iamviniciuss/casino-transactions/internal/api/http/fiber_http.go:76.55,78.2 1 0
github.com/iamviniciuss/casino-transactions/internal/api/http/fiber_http.go:80.57,82.2 1 1
github.com/iamviniciuss/casino-transactions/internal/api/http/fiber_http.go:84.38,86.2 1 1
github.com/iamviniciuss/casino-transactions/internal/api/http/fiber_http.go:92.65,96.2 1 1
github.com/iamviniciuss/casino-transactions/internal/api/http/fiber_http.go:98.58,99.24 1 0
github.com/iamviniciuss/casino-transactions/internal/api/http/fiber_http.go:99.24,101.3 1 0
github.com/iamviniciuss/casino-transactions/internal/api/http/fiber_http.go:102.2,102.27 1 0
github.com/iamviniciuss/casino-transactions/internal/api/http/fiber_http.go:105.65,107.2 1 0
github.com/iamviniciuss/casino-transactions/internal/repository/transaction_repository_pg.go:16.66,20.2 1 1
github.com/iamviniciuss/casino-transactions/internal/repository/transaction_repository_pg.go:22.95,26.16 3 1
github.com/iamviniciuss/casino-transactions/internal/repository/transaction_repository_pg.go:26.16,28.3 1 1
github.com/iamviniciuss/casino-transactions/internal/repository/transaction_repository_pg.go:30.2,30.12 1 1
github.com/iamviniciuss/casino-transactions/internal/repository/transaction_repository_pg.go:33.111,40.16 5 1
github.com/iamviniciuss/casino-transactions/internal/repository/transaction_repository_pg.go:40.16,41.27 1 1
github.com/iamviniciuss/casino-transactions/internal/repository/transaction_repository_pg.go:41.27,43.4 1 1
github.com/iamviniciuss/casino-transactions/internal/repository/transaction_repository_pg.go:44.3,44.33 1 0
github.com/iamviniciuss/casino-transactions/internal/repository/transaction_repository_pg.go:47.2,47.25 1 1
github.com/iamviniciuss/casino-transactions/internal/repository/transaction_repository_pg.go:50.126,55.18 4 1
github.com/iamviniciuss/casino-transactions/internal/repository/transaction_repository_pg.go:55.18,59.3 3 1
github.com/iamviniciuss/casino-transactions/internal/repository/transaction_repository_pg.go:61.2,64.16 4 1
github.com/iamviniciuss/casino-transactions/internal/repository/transaction_repository_pg.go:64.16,66.3 1 0
github.com/iamviniciuss/casino-transactions/internal/repository/transaction_repository_pg.go:68.2,72.16 4 1
github.com/iamviniciuss/casino-transactions/internal/repository/transaction_repository_pg.go:72.16,74.3 1 0
github.com/iamviniciuss/casino-transactions/internal/repository/transaction_repository_pg.go:75.2,78.18 3 1
github.com/iamviniciuss/casino-transactions/internal/repository/transaction_repository_pg.go:78.18,80.92 2 1
github.com/iamviniciuss/casino-transactions/internal/repository/transaction_repository_pg.go:80.92,82.4 1 0
github.com/iamviniciuss/casino-transactions/internal/repository/transaction_repository_pg.go:83.3,83.42 1 1
github.com/iamviniciuss/casino-transactions/internal/repository/transaction_repository_pg.go:86.2,86.33 1 1
github.com/iamviniciuss/casino-transactions/internal/api/controller/health_check.go:12.56,14.2 1 1
github.com/iamviniciuss/casino-transactions/internal/api/controller/health_check.go:16.172,18.2 1 1
github.com/iamviniciuss/casino-transactions/internal/api/controller/transaction_controller.go:34.104,38.2 1 1
github.com/iamviniciuss/casino-transactions/internal/api/controller/transaction_controller.go:40.182,42.18 2 1
github.com/iamviniciuss/casino-transactions/internal/api/controller/transaction_controller.go:42.18,44.3 1 1
github.com/iamviniciuss/casino-transactions/internal/api/controller/transaction_controller.go:46.2,58.16 5 1
github.com/iamviniciuss/casino-transactions/internal/api/controller/transaction_controller.go:58.16,63.3 1 1
github.com/iamviniciuss/casino-transactions/internal/api/controller/transaction_controller.go:64.2,69.8 1 1
github.com/iamviniciuss/casino-transactions/internal/api/controller/transaction_controller.go:72.102,75.30 3 1
github.com/iamviniciuss/casino-transactions/internal/api/controller/transaction_controller.go:75.30,77.3 1 1
github.com/iamviniciuss/casino-transactions/internal/api/controller/transaction_controller.go:79.2,81.30 3 1
github.com/iamviniciuss/casino-transactions/internal/api/controller/transaction_controller.go:81.30,83.3 1 1
github.com/iamviniciuss/casino-transactions/internal/api/controller/transaction_controller.go:85.2,85.22 1 1
github.com/iamviniciuss/casino-transactions/internal/consumer/kafka.go:19.69,32.2 2 1
github.com/iamviniciuss/casino-transactions/internal/consumer/kafka.go:34.76,36.2 1 1
github.com/iamviniciuss/casino-transactions/internal/consumer/kafka.go:38.59,39.6 1 1
github.com/iamviniciuss/casino-transactions/internal/consumer/kafka.go:39.6,42.17 3 1
github.com/iamviniciuss/casino-transactions/internal/consumer/kafka.go:42.17,44.4 1 1
github.com/iamviniciuss/casino-transactions/internal/consumer/kafka.go:46.3,48.10 3 1
github.com/iamviniciuss/casino-transactions/internal/consumer/kafka.go:48.10,50.12 2 0
github.com/iamviniciuss/casino-transactions/internal/consumer/kafka.go:53.3,53.54 1 1
github.com/iamviniciuss/casino-transactions/internal/consumer/kafka.go:53.54,55.12 2 0
github.com/iamviniciuss/casino-transactions/internal/consumer/process_transaction_handler.go:22.96,24.2 1 1
github.com/iamviniciuss/casino-transactions/internal/consumer/process_transaction_handler.go:26.83,28.52 2 1
github.com/iamviniciuss/casino-transactions/internal/consumer/process_transaction_handler.go:28.52,30.3 1 1
github.com/iamviniciuss/casino-transactions/internal/consumer/process_transaction_handler.go:31.2,35.4 1 1
